<?xml version="1.0" encoding="utf-8"?><testsuites name="pytest tests"><testsuite name="pytest" errors="0" failures="0" skipped="0" tests="9" time="5.080" timestamp="2026-04-16T18:48:27.047105+00:00" hostname="agent-env-dabcc355-3858-42cc-b0cc-73a58ed79999"><testcase classname="backend.tests.test_iteration6_wake_word.TestWakeWordAPI" name="test_get_settings_returns_wake_word_enabled_field" time="0.690" /><testcase classname="backend.tests.test_iteration6_wake_word.TestWakeWordAPI" name="test_put_settings_wake_word_enabled_true" time="0.546" /><testcase classname="backend.tests.test_iteration6_wake_word.TestWakeWordAPI" name="test_put_settings_wake_word_enabled_false" time="0.604" /><testcase classname="backend.tests.test_iteration6_wake_word.TestWakeWordAPI" name="test_put_settings_wake_word_with_other_fields" time="0.707" /><testcase classname="backend.tests.test_iteration6_wake_word.TestWakeWordAPI" name="test_settings_toggle_wake_word_multiple_times" time="0.683" /><testcase classname="backend.tests.test_iteration6_wake_word.TestAgentNameWithWakeWord" name="test_agent_name_change_with_wake_word_enabled" time="0.674" /><testcase classname="backend.tests.test_iteration6_wake_word.TestAgentNameWithWakeWord" name="test_get_settings_returns_default_agent_name" time="0.712" /><testcase classname="backend.tests.test_iteration6_wake_word.TestHealthAndBasicEndpoints" name="test_health_endpoint" time="0.204" /><testcase classname="backend.tests.test_iteration6_wake_word.TestHealthAndBasicEndpoints" name="test_root_endpoint" time="0.167" /></testsuite></testsuites>