<?xml version="1.0" encoding="utf-8"?><testsuites name="pytest tests"><testsuite name="pytest" errors="0" failures="0" skipped="1" tests="22" time="6.658" timestamp="2026-04-16T20:31:58.169584+00:00" hostname="agent-env-dabcc355-3858-42cc-b0cc-73a58ed79999"><testcase classname="backend.tests.test_iteration10_features.TestAuth" name="test_login_success" time="0.920" /><testcase classname="backend.tests.test_iteration10_features.TestMetricsHistory" name="test_01_create_test_product" time="0.488" /><testcase classname="backend.tests.test_iteration10_features.TestMetricsHistory" name="test_02_update_metrics_auto_records_history" time="0.118" /><testcase classname="backend.tests.test_iteration10_features.TestMetricsHistory" name="test_03_get_metrics_history" time="0.120" /><testcase classname="backend.tests.test_iteration10_features.TestMetricsHistory" name="test_04_update_metrics_again_creates_new_history" time="0.264" /><testcase classname="backend.tests.test_iteration10_features.TestMetricsHistory" name="test_05_manual_record_metrics" time="0.119" /><testcase classname="backend.tests.test_iteration10_features.TestMetricsHistory" name="test_99_cleanup_test_product" time="0.150" /><testcase classname="backend.tests.test_iteration10_features.TestExecutionLog" name="test_get_execution_log" time="0.440" /><testcase classname="backend.tests.test_iteration10_features.TestApprovalExecution" name="test_01_create_product_for_approval" time="0.668" /><testcase classname="backend.tests.test_iteration10_features.TestApprovalExecution" name="test_02_create_campaign" time="0.222" /><testcase classname="backend.tests.test_iteration10_features.TestApprovalExecution" name="test_03_create_rule_with_approval" time="0.157" /><testcase classname="backend.tests.test_iteration10_features.TestApprovalExecution" name="test_04_check_pending_approvals" time="0.144" /><testcase classname="backend.tests.test_iteration10_features.TestApprovalExecution" name="test_05_approve_action_executes_and_returns_results" time="0.119"><skipped type="pytest.skip" message="No pending approvals available for testing">/app/backend/tests/test_iteration10_features.py:306: No pending approvals available for testing</skipped></testcase><testcase classname="backend.tests.test_iteration10_features.TestApprovalExecution" name="test_99_cleanup" time="0.398" /><testcase classname="backend.tests.test_iteration10_features.TestAgencyReportEndpoints" name="test_agency_report" time="0.456" /><testcase classname="backend.tests.test_iteration10_features.TestIntegrations" name="test_list_integrations" time="0.499" /><testcase classname="backend.tests.test_iteration10_features.TestAgentCommunication" name="test_get_agent_comms" time="0.526" /><testcase classname="backend.tests.test_iteration10_features.TestAgentCommunication" name="test_send_agent_message" time="0.142" /><testcase classname="backend.tests.test_iteration10_features.TestAgentCommunication" name="test_get_agent_inbox" time="0.188" /><testcase classname="backend.tests.test_iteration10_features.TestUnauthenticated" name="test_metrics_history_requires_auth" time="0.175" /><testcase classname="backend.tests.test_iteration10_features.TestUnauthenticated" name="test_execution_log_requires_auth" time="0.122" /><testcase classname="backend.tests.test_iteration10_features.TestUnauthenticated" name="test_approvals_requires_auth" time="0.112" /></testsuite></testsuites>