<?xml version="1.0" encoding="utf-8"?><testsuites name="pytest tests"><testsuite name="pytest" errors="0" failures="0" skipped="0" tests="21" time="4.137" timestamp="2026-04-16T19:36:45.896231+00:00" hostname="agent-env-dabcc355-3858-42cc-b0cc-73a58ed79999"><testcase classname="backend.tests.test_iteration7_agents.TestAgentTemplates" name="test_get_agents_returns_25_templates" time="0.739" /><testcase classname="backend.tests.test_iteration7_agents.TestAgentTemplates" name="test_squad1_core_governance_agents_exist" time="0.114" /><testcase classname="backend.tests.test_iteration7_agents.TestAgentTemplates" name="test_squad2_data_diagnostics_agents_exist" time="0.160" /><testcase classname="backend.tests.test_iteration7_agents.TestAgentTemplates" name="test_squad3_traffic_agents_exist" time="0.117" /><testcase classname="backend.tests.test_iteration7_agents.TestAgentTemplates" name="test_squad4_funnel_sales_agents_exist" time="0.154" /><testcase classname="backend.tests.test_iteration7_agents.TestAgentTemplates" name="test_squad5_creative_messaging_agents_exist" time="0.116" /><testcase classname="backend.tests.test_iteration7_agents.TestAgentTemplates" name="test_squad6_pages_conversion_agents_exist" time="0.120" /><testcase classname="backend.tests.test_iteration7_agents.TestAgentTemplates" name="test_squad7_research_product_agents_exist" time="0.154" /><testcase classname="backend.tests.test_iteration7_agents.TestAgentTemplates" name="test_squad8_reporting_finance_agents_exist" time="0.111" /><testcase classname="backend.tests.test_iteration7_agents.TestAgentTemplates" name="test_support_agents_exist" time="0.156" /><testcase classname="backend.tests.test_iteration7_agents.TestAgentTemplates" name="test_general_coder_agent_exists" time="0.152" /><testcase classname="backend.tests.test_iteration7_agents.TestCreateAgentFromTemplate" name="test_create_orion_agent_from_template" time="0.171" /><testcase classname="backend.tests.test_iteration7_agents.TestCreateAgentFromTemplate" name="test_create_nova_agent_from_template" time="0.166" /><testcase classname="backend.tests.test_iteration7_agents.TestCreateAgentFromTemplate" name="test_create_midas_agent_from_template" time="0.244" /><testcase classname="backend.tests.test_iteration7_agents.TestCreateAgentFromTemplate" name="test_create_dash_agent_from_template" time="0.243" /><testcase classname="backend.tests.test_iteration7_agents.TestCreateAgentFromTemplate" name="test_create_invalid_template_returns_404" time="0.180" /><testcase classname="backend.tests.test_iteration7_agents.TestAgentTemplateDetails" name="test_orion_template_has_correct_details" time="0.156" /><testcase classname="backend.tests.test_iteration7_agents.TestAgentTemplateDetails" name="test_sentinel_template_has_shield_icon" time="0.117" /><testcase classname="backend.tests.test_iteration7_agents.TestAgentTemplateDetails" name="test_closer_template_has_handshake_icon" time="0.129" /><testcase classname="backend.tests.test_iteration7_agents.TestHealthAndAuth" name="test_health_endpoint" time="0.171" /><testcase classname="backend.tests.test_iteration7_agents.TestHealthAndAuth" name="test_login_with_valid_credentials" time="0.345" /></testsuite></testsuites>