<?xml version="1.0" encoding="utf-8"?><testsuites name="pytest tests"><testsuite name="pytest" errors="0" failures="0" skipped="0" tests="15" time="8.657" timestamp="2026-04-16T22:40:30.205107+00:00" hostname="agent-env-dabcc355-3858-42cc-b0cc-73a58ed79999"><testcase classname="backend.tests.test_iteration12_modules.TestMentorshipModules" name="test_get_modules_returns_list" time="0.566" /><testcase classname="backend.tests.test_iteration12_modules.TestMentorshipModules" name="test_get_modules_not_found" time="0.518" /><testcase classname="backend.tests.test_iteration12_modules.TestMentorshipModules" name="test_add_module" time="0.628" /><testcase classname="backend.tests.test_iteration12_modules.TestMentorshipModules" name="test_add_module_not_found" time="0.494" /><testcase classname="backend.tests.test_iteration12_modules.TestMentorshipModules" name="test_save_modules_full_structure" time="0.592" /><testcase classname="backend.tests.test_iteration12_modules.TestMentorshipModules" name="test_save_modules_updates_existing" time="0.594" /><testcase classname="backend.tests.test_iteration12_modules.TestMentorshipModules" name="test_delete_module" time="0.666" /><testcase classname="backend.tests.test_iteration12_modules.TestMentorshipModules" name="test_delete_module_not_found" time="0.494" /><testcase classname="backend.tests.test_iteration12_modules.TestMentorshipParseModules" name="test_parse_modules_returns_structured_data" time="0.441" /><testcase classname="backend.tests.test_iteration12_modules.TestMentorshipParseModules" name="test_parse_modules_not_found" time="0.426" /><testcase classname="backend.tests.test_iteration12_modules.TestMentorshipExport" name="test_export_pdf_returns_pdf_file" time="0.987" /><testcase classname="backend.tests.test_iteration12_modules.TestMentorshipExport" name="test_export_docx_returns_docx_file" time="0.568" /><testcase classname="backend.tests.test_iteration12_modules.TestMentorshipExport" name="test_export_pdf_not_found" time="0.540" /><testcase classname="backend.tests.test_iteration12_modules.TestMentorshipExport" name="test_export_docx_not_found" time="0.617" /><testcase classname="backend.tests.test_iteration12_modules.TestMentorshipModulesAuth" name="test_modules_endpoints_require_auth" time="0.459" /></testsuite></testsuites>