<?xml version="1.0" encoding="utf-8"?><testsuites name="pytest tests"><testsuite name="pytest" errors="0" failures="0" skipped="0" tests="8" time="4.051" timestamp="2026-04-16T18:35:07.197598+00:00" hostname="agent-env-dabcc355-3858-42cc-b0cc-73a58ed79999"><testcase classname="backend.tests.test_iteration5_api.TestSettingsAgentIdentity" name="test_get_settings_returns_agent_name" time="0.486" /><testcase classname="backend.tests.test_iteration5_api.TestSettingsAgentIdentity" name="test_get_settings_returns_agent_personality" time="0.391" /><testcase classname="backend.tests.test_iteration5_api.TestSettingsAgentIdentity" name="test_put_settings_updates_agent_name" time="0.511" /><testcase classname="backend.tests.test_iteration5_api.TestSettingsAgentIdentity" name="test_put_settings_updates_agent_personality" time="0.588" /><testcase classname="backend.tests.test_iteration5_api.TestSettingsAgentIdentity" name="test_put_settings_updates_both_agent_fields" time="0.510" /><testcase classname="backend.tests.test_iteration5_api.TestHandsFreeConversation" name="test_create_conversation_with_voz_prefix" time="0.515" /><testcase classname="backend.tests.test_iteration5_api.TestHandsFreeConversation" name="test_create_conversation_with_custom_agent_name_voz" time="0.495" /><testcase classname="backend.tests.test_iteration5_api.TestSettingsAllFields" name="test_settings_save_all_fields" time="0.484" /></testsuite></testsuites>