<?xml version="1.0" encoding="utf-8"?><testsuites name="pytest tests"><testsuite name="pytest" errors="0" failures="0" skipped="0" tests="25" time="6.439" timestamp="2026-04-16T20:14:17.560047+00:00" hostname="agent-env-dabcc355-3858-42cc-b0cc-73a58ed79999"><testcase classname="tests.test_iteration9_features.TestSettingsAgentName" name="test_settings_returns_mordomo_virtual" time="0.699" /><testcase classname="tests.test_iteration9_features.TestInterAgentCommunication" name="test_get_agent_comms_empty" time="0.476" /><testcase classname="tests.test_iteration9_features.TestInterAgentCommunication" name="test_send_agent_message" time="0.158" /><testcase classname="tests.test_iteration9_features.TestInterAgentCommunication" name="test_get_agent_inbox" time="0.113" /><testcase classname="tests.test_iteration9_features.TestPlatformIntegrations" name="test_list_integrations_empty" time="0.505" /><testcase classname="tests.test_iteration9_features.TestPlatformIntegrations" name="test_connect_meta_invalid_token" time="0.287" /><testcase classname="tests.test_iteration9_features.TestPlatformIntegrations" name="test_connect_google_short_token" time="0.154" /><testcase classname="tests.test_iteration9_features.TestPlatformIntegrations" name="test_connect_tiktok_short_token" time="0.149" /><testcase classname="tests.test_iteration9_features.TestPlatformIntegrations" name="test_connect_google_valid_token_length" time="0.161" /><testcase classname="tests.test_iteration9_features.TestPlatformIntegrations" name="test_list_integrations_after_connect" time="0.145" /><testcase classname="tests.test_iteration9_features.TestPlatformIntegrations" name="test_sync_platform_metrics" time="0.179" /><testcase classname="tests.test_iteration9_features.TestPlatformIntegrations" name="test_disconnect_platform" time="0.158" /><testcase classname="tests.test_iteration9_features.TestPlatformIntegrations" name="test_sync_disconnected_platform_404" time="0.112" /><testcase classname="tests.test_iteration9_features.TestMetricsHistory" name="test_get_metrics_history_empty" time="0.697" /><testcase classname="tests.test_iteration9_features.TestMetricsHistory" name="test_record_metrics_snapshot" time="0.144" /><testcase classname="tests.test_iteration9_features.TestMetricsHistory" name="test_get_metrics_history_after_record" time="0.133" /><testcase classname="tests.test_iteration9_features.TestMetricsHistory" name="test_record_metrics_nonexistent_product" time="0.138" /><testcase classname="tests.test_iteration9_features.TestMetricsHistory" name="test_cleanup_test_product" time="0.118" /><testcase classname="tests.test_iteration9_features.TestAgencyReports" name="test_agency_report_structure" time="0.454" /><testcase classname="tests.test_iteration9_features.TestRulesEngine" name="test_create_rule_with_conditions_actions" time="0.697" /><testcase classname="tests.test_iteration9_features.TestRulesEngine" name="test_list_rules" time="0.135" /><testcase classname="tests.test_iteration9_features.TestRulesEngine" name="test_cleanup_test_product_for_rules" time="0.107" /><testcase classname="tests.test_iteration9_features.TestUnauthenticated" name="test_agent_comms_requires_auth" time="0.113" /><testcase classname="tests.test_iteration9_features.TestUnauthenticated" name="test_integrations_requires_auth" time="0.122" /><testcase classname="tests.test_iteration9_features.TestUnauthenticated" name="test_metrics_history_requires_auth" time="0.176" /></testsuite></testsuites>