<?xml version="1.0" encoding="utf-8"?><testsuites name="pytest tests"><testsuite name="pytest" errors="0" failures="0" skipped="0" tests="47" time="31.331" timestamp="2026-04-16T17:16:16.815756+00:00" hostname="agent-env-dabcc355-3858-42cc-b0cc-73a58ed79999"><testcase classname="backend.tests.test_credentials_api.TestCredentialsAPI" name="test_get_credentials_empty" time="0.568" /><testcase classname="backend.tests.test_credentials_api.TestCredentialsAPI" name="test_create_credential_telegram" time="0.637" /><testcase classname="backend.tests.test_credentials_api.TestCredentialsAPI" name="test_create_credential_github" time="0.691" /><testcase classname="backend.tests.test_credentials_api.TestCredentialsAPI" name="test_create_credential_discord" time="0.649" /><testcase classname="backend.tests.test_credentials_api.TestCredentialsAPI" name="test_get_credentials_shows_masked_values" time="0.783" /><testcase classname="backend.tests.test_credentials_api.TestCredentialsAPI" name="test_update_credential" time="0.817" /><testcase classname="backend.tests.test_credentials_api.TestCredentialsAPI" name="test_delete_credential" time="0.800" /><testcase classname="backend.tests.test_credentials_api.TestCredentialsAPI" name="test_delete_nonexistent_credential" time="0.519" /><testcase classname="backend.tests.test_credentials_api.TestCredentialsAPI" name="test_credentials_without_auth" time="1.908" /><testcase classname="backend.tests.test_credentials_api.TestCredentialsAPI" name="test_short_key_masking" time="0.626" /><testcase classname="backend.tests.test_novaclaw_api.TestHealthAndRoot" name="test_root_endpoint" time="0.132" /><testcase classname="backend.tests.test_novaclaw_api.TestHealthAndRoot" name="test_health_endpoint" time="0.148" /><testcase classname="backend.tests.test_novaclaw_api.TestAuthentication" name="test_login_admin_success" time="0.392" /><testcase classname="backend.tests.test_novaclaw_api.TestAuthentication" name="test_login_invalid_credentials" time="0.359" /><testcase classname="backend.tests.test_novaclaw_api.TestAuthentication" name="test_register_new_user" time="0.393" /><testcase classname="backend.tests.test_novaclaw_api.TestAuthentication" name="test_register_duplicate_email" time="0.134" /><testcase classname="backend.tests.test_novaclaw_api.TestAuthentication" name="test_auth_me_with_token" time="0.513" /><testcase classname="backend.tests.test_novaclaw_api.TestAuthentication" name="test_auth_me_without_token" time="0.151" /><testcase classname="backend.tests.test_novaclaw_api.TestAuthentication" name="test_logout" time="0.143" /><testcase classname="backend.tests.test_novaclaw_api.TestAuthentication" name="test_refresh_token" time="0.556" /><testcase classname="backend.tests.test_novaclaw_api.TestConversations" name="test_create_conversation" time="0.651" /><testcase classname="backend.tests.test_novaclaw_api.TestConversations" name="test_list_conversations" time="0.510" /><testcase classname="backend.tests.test_novaclaw_api.TestConversations" name="test_update_conversation" time="0.935" /><testcase classname="backend.tests.test_novaclaw_api.TestConversations" name="test_delete_conversation" time="0.800" /><testcase classname="backend.tests.test_novaclaw_api.TestConversations" name="test_conversation_without_auth" time="0.550" /><testcase classname="backend.tests.test_novaclaw_api.TestMessages" name="test_list_messages_empty" time="0.681" /><testcase classname="backend.tests.test_novaclaw_api.TestMessages" name="test_send_message_returns_stream" time="3.199" /><testcase classname="backend.tests.test_novaclaw_api.TestMessages" name="test_messages_without_auth" time="0.659" /><testcase classname="backend.tests.test_novaclaw_api.TestSkills" name="test_list_skills" time="0.490" /><testcase classname="backend.tests.test_novaclaw_api.TestSkills" name="test_toggle_skill" time="0.782" /><testcase classname="backend.tests.test_novaclaw_api.TestSkills" name="test_skills_without_auth" time="0.535" /><testcase classname="backend.tests.test_novaclaw_api.TestSettings" name="test_get_settings" time="0.530" /><testcase classname="backend.tests.test_novaclaw_api.TestSettings" name="test_update_settings" time="0.744" /><testcase classname="backend.tests.test_novaclaw_api.TestSettings" name="test_settings_without_auth" time="0.476" /><testcase classname="backend.tests.test_telegram_api.TestTelegramAPI" name="test_telegram_status_initial" time="0.527" /><testcase classname="backend.tests.test_telegram_api.TestTelegramAPI" name="test_telegram_status_requires_auth" time="0.582" /><testcase classname="backend.tests.test_telegram_api.TestTelegramAPI" name="test_telegram_connect_invalid_token" time="0.875" /><testcase classname="backend.tests.test_telegram_api.TestTelegramAPI" name="test_telegram_connect_empty_token" time="0.982" /><testcase classname="backend.tests.test_telegram_api.TestTelegramAPI" name="test_telegram_connect_requires_auth" time="0.581" /><testcase classname="backend.tests.test_telegram_api.TestTelegramAPI" name="test_telegram_connect_missing_token_field" time="0.501" /><testcase classname="backend.tests.test_telegram_api.TestTelegramAPI" name="test_telegram_disconnect" time="0.594" /><testcase classname="backend.tests.test_telegram_api.TestTelegramAPI" name="test_telegram_disconnect_requires_auth" time="0.616" /><testcase classname="backend.tests.test_telegram_api.TestTelegramAPI" name="test_telegram_webhook_no_auth_required" time="0.571" /><testcase classname="backend.tests.test_telegram_api.TestTelegramAPI" name="test_telegram_webhook_empty_message" time="0.633" /><testcase classname="backend.tests.test_telegram_api.TestTelegramAPI" name="test_telegram_webhook_start_command" time="0.582" /><testcase classname="backend.tests.test_telegram_api.TestTelegramAPI" name="test_telegram_webhook_invalid_user_id" time="0.607" /><testcase classname="backend.tests.test_telegram_api.TestTelegramIntegrationFlow" name="test_full_telegram_flow" time="1.106" /></testsuite></testsuites>