<?xml version="1.0" encoding="utf-8"?><testsuites name="pytest tests"><testsuite name="pytest" errors="0" failures="0" skipped="0" tests="24" time="14.371" timestamp="2026-04-16T16:47:16.739639+00:00" hostname="agent-env-dabcc355-3858-42cc-b0cc-73a58ed79999"><testcase classname="backend.tests.test_novaclaw_api.TestHealthAndRoot" name="test_root_endpoint" time="0.194" /><testcase classname="backend.tests.test_novaclaw_api.TestHealthAndRoot" name="test_health_endpoint" time="0.213" /><testcase classname="backend.tests.test_novaclaw_api.TestAuthentication" name="test_login_admin_success" time="0.364" /><testcase classname="backend.tests.test_novaclaw_api.TestAuthentication" name="test_login_invalid_credentials" time="0.347" /><testcase classname="backend.tests.test_novaclaw_api.TestAuthentication" name="test_register_new_user" time="0.372" /><testcase classname="backend.tests.test_novaclaw_api.TestAuthentication" name="test_register_duplicate_email" time="0.142" /><testcase classname="backend.tests.test_novaclaw_api.TestAuthentication" name="test_auth_me_with_token" time="0.531" /><testcase classname="backend.tests.test_novaclaw_api.TestAuthentication" name="test_auth_me_without_token" time="0.124" /><testcase classname="backend.tests.test_novaclaw_api.TestAuthentication" name="test_logout" time="0.153" /><testcase classname="backend.tests.test_novaclaw_api.TestAuthentication" name="test_refresh_token" time="0.483" /><testcase classname="backend.tests.test_novaclaw_api.TestConversations" name="test_create_conversation" time="0.494" /><testcase classname="backend.tests.test_novaclaw_api.TestConversations" name="test_list_conversations" time="0.465" /><testcase classname="backend.tests.test_novaclaw_api.TestConversations" name="test_update_conversation" time="0.719" /><testcase classname="backend.tests.test_novaclaw_api.TestConversations" name="test_delete_conversation" time="0.765" /><testcase classname="backend.tests.test_novaclaw_api.TestConversations" name="test_conversation_without_auth" time="0.510" /><testcase classname="backend.tests.test_novaclaw_api.TestMessages" name="test_list_messages_empty" time="0.598" /><testcase classname="backend.tests.test_novaclaw_api.TestMessages" name="test_send_message_returns_stream" time="3.568" /><testcase classname="backend.tests.test_novaclaw_api.TestMessages" name="test_messages_without_auth" time="0.594" /><testcase classname="backend.tests.test_novaclaw_api.TestSkills" name="test_list_skills" time="0.466" /><testcase classname="backend.tests.test_novaclaw_api.TestSkills" name="test_toggle_skill" time="0.750" /><testcase classname="backend.tests.test_novaclaw_api.TestSkills" name="test_skills_without_auth" time="0.473" /><testcase classname="backend.tests.test_novaclaw_api.TestSettings" name="test_get_settings" time="0.480" /><testcase classname="backend.tests.test_novaclaw_api.TestSettings" name="test_update_settings" time="0.732" /><testcase classname="backend.tests.test_novaclaw_api.TestSettings" name="test_settings_without_auth" time="0.473" /></testsuite></testsuites>