<?xml version="1.0" encoding="utf-8"?><testsuites name="pytest tests"><testsuite name="pytest" errors="0" failures="0" skipped="0" tests="15" time="5.552" timestamp="2026-04-16T22:57:41.523632+00:00" hostname="agent-env-dabcc355-3858-42cc-b0cc-73a58ed79999"><testcase classname="backend.tests.test_iteration13_smart_llm.TestIteration13SmartLLM" name="test_memory_stats_returns_expected_fields" time="0.568" /><testcase classname="backend.tests.test_iteration13_smart_llm.TestIteration13SmartLLM" name="test_memory_stats_requires_auth" time="0.536" /><testcase classname="backend.tests.test_iteration13_smart_llm.TestIteration13SmartLLM" name="test_settings_get_returns_dual_model_fields" time="0.475" /><testcase classname="backend.tests.test_iteration13_smart_llm.TestIteration13SmartLLM" name="test_settings_put_dual_model_fast" time="0.419" /><testcase classname="backend.tests.test_iteration13_smart_llm.TestIteration13SmartLLM" name="test_settings_put_dual_model_smart" time="0.429" /><testcase classname="backend.tests.test_iteration13_smart_llm.TestIteration13SmartLLM" name="test_settings_put_both_dual_models" time="0.535" /><testcase classname="backend.tests.test_iteration13_smart_llm.TestIteration13SmartLLM" name="test_task_status_not_found" time="0.499" /><testcase classname="backend.tests.test_iteration13_smart_llm.TestIteration13SmartLLM" name="test_health_endpoint" time="0.575" /><testcase classname="backend.tests.test_iteration13_smart_llm.TestIteration13SmartLLM" name="test_docker_compose_exists" time="0.335" /><testcase classname="backend.tests.test_iteration13_smart_llm.TestIteration13SmartLLM" name="test_deploy_script_exists" time="0.352" /><testcase classname="backend.tests.test_iteration13_smart_llm.TestIteration13SmartLLM" name="test_backend_dockerfile_exists" time="0.371" /><testcase classname="backend.tests.test_iteration13_smart_llm.TestIteration13SmartLLM" name="test_frontend_dockerfile_exists" time="0.359" /><testcase classname="backend.tests.test_iteration13_smart_llm.TestSmartLLMModule" name="test_smart_llm_module_exists" time="0.000" /><testcase classname="backend.tests.test_iteration13_smart_llm.TestSmartLLMModule" name="test_smart_llm_has_required_functions" time="0.000" /><testcase classname="backend.tests.test_iteration13_smart_llm.TestSmartLLMModule" name="test_complexity_keywords_defined" time="0.000" /></testsuite></testsuites>