<?xml version="1.0" encoding="utf-8"?><testsuites name="pytest tests"><testsuite name="pytest" errors="0" failures="0" skipped="0" tests="19" time="9.014" timestamp="2026-04-16T17:41:07.829597+00:00" hostname="agent-env-dabcc355-3858-42cc-b0cc-73a58ed79999"><testcase classname="backend.tests.test_iteration4_api.TestAuth" name="test_login_success" time="0.515" /><testcase classname="backend.tests.test_iteration4_api.TestAgentsAPI" name="test_get_agents_returns_templates" time="0.631" /><testcase classname="backend.tests.test_iteration4_api.TestAgentsAPI" name="test_create_custom_agent" time="0.414" /><testcase classname="backend.tests.test_iteration4_api.TestAgentsAPI" name="test_create_agent_from_template_coder" time="0.382" /><testcase classname="backend.tests.test_iteration4_api.TestAgentsAPI" name="test_create_agent_from_template_researcher" time="0.236" /><testcase classname="backend.tests.test_iteration4_api.TestAgentsAPI" name="test_create_agent_from_invalid_template" time="0.124" /><testcase classname="backend.tests.test_iteration4_api.TestAgentsAPI" name="test_delete_agent" time="0.416" /><testcase classname="backend.tests.test_iteration4_api.TestNotesAPI" name="test_create_note" time="0.637" /><testcase classname="backend.tests.test_iteration4_api.TestNotesAPI" name="test_list_notes" time="0.487" /><testcase classname="backend.tests.test_iteration4_api.TestNotesAPI" name="test_delete_note" time="0.492" /><testcase classname="backend.tests.test_iteration4_api.TestTasksAPI" name="test_create_task" time="0.669" /><testcase classname="backend.tests.test_iteration4_api.TestTasksAPI" name="test_list_tasks" time="0.384" /><testcase classname="backend.tests.test_iteration4_api.TestTasksAPI" name="test_update_task_mark_done" time="0.567" /><testcase classname="backend.tests.test_iteration4_api.TestTasksAPI" name="test_delete_task" time="0.369" /><testcase classname="backend.tests.test_iteration4_api.TestSkillsAPI" name="test_get_skills_list" time="0.496" /><testcase classname="backend.tests.test_iteration4_api.TestSkillsAPI" name="test_toggle_skill" time="0.491" /><testcase classname="backend.tests.test_iteration4_api.TestConversationWithAgent" name="test_create_conversation_with_agent_id" time="0.848" /><testcase classname="backend.tests.test_iteration4_api.TestConversationWithAgent" name="test_conversation_without_agent_id" time="0.237" /><testcase classname="backend.tests.test_iteration4_api.TestSkillExecution" name="test_health_check" time="0.505" /></testsuite></testsuites>