<?xml version="1.0" encoding="utf-8"?><testsuites name="pytest tests"><testsuite name="pytest" errors="0" failures="0" skipped="0" tests="13" time="9.494" timestamp="2026-04-16T19:52:25.544014+00:00" hostname="agent-env-dabcc355-3858-42cc-b0cc-73a58ed79999"><testcase classname="backend.tests.test_iteration8_agency.TestAgencyAccessControl" name="test_access_check_admin_has_access" time="0.717" /><testcase classname="backend.tests.test_iteration8_agency.TestAgencyAccessControl" name="test_access_list_admin_only" time="0.542" /><testcase classname="backend.tests.test_iteration8_agency.TestAgencyProducts" name="test_create_product_with_metrics" time="0.617" /><testcase classname="backend.tests.test_iteration8_agency.TestAgencyProducts" name="test_list_products" time="0.758" /><testcase classname="backend.tests.test_iteration8_agency.TestAgencyProducts" name="test_delete_product" time="0.801" /><testcase classname="backend.tests.test_iteration8_agency.TestAgencyCampaigns" name="test_create_campaign_linked_to_product" time="0.949" /><testcase classname="backend.tests.test_iteration8_agency.TestAgencyRules" name="test_create_rule_with_conditions_and_actions" time="0.936" /><testcase classname="backend.tests.test_iteration8_agency.TestAgencyRules" name="test_list_rules" time="1.026" /><testcase classname="backend.tests.test_iteration8_agency.TestAgencyRules" name="test_toggle_rule_active_state" time="1.082" /><testcase classname="backend.tests.test_iteration8_agency.TestAgencyApprovals" name="test_get_approval_queue" time="0.457" /><testcase classname="backend.tests.test_iteration8_agency.TestAgencyReports" name="test_agency_report_overview" time="0.504" /><testcase classname="backend.tests.test_iteration8_agency.TestAgencyAccessGrant" name="test_grant_access_to_user" time="0.884" /><testcase classname="backend.tests.test_iteration8_agency.TestAgencyUnauthorized" name="test_access_denied_without_token" time="0.113" /></testsuite></testsuites>