<?xml version="1.0" encoding="utf-8"?><testsuites name="pytest tests"><testsuite name="pytest" errors="0" failures="0" skipped="0" tests="13" time="89.933" timestamp="2026-04-16T20:46:06.281882+00:00" hostname="agent-env-dabcc355-3858-42cc-b0cc-73a58ed79999"><testcase classname="tests.test_mentorship_api.TestMentorshipModule" name="test_upload_knowledge_txt_file" time="0.825" /><testcase classname="tests.test_mentorship_api.TestMentorshipModule" name="test_upload_knowledge_md_file" time="1.001" /><testcase classname="tests.test_mentorship_api.TestMentorshipModule" name="test_upload_knowledge_csv_file" time="0.779" /><testcase classname="tests.test_mentorship_api.TestMentorshipModule" name="test_list_knowledge" time="0.832" /><testcase classname="tests.test_mentorship_api.TestMentorshipModule" name="test_delete_knowledge" time="0.709" /><testcase classname="tests.test_mentorship_api.TestMentorshipModule" name="test_list_mentorships" time="0.500" /><testcase classname="tests.test_mentorship_api.TestMentorshipModule" name="test_generate_mentorship_with_text" time="29.670" /><testcase classname="tests.test_mentorship_api.TestMentorshipModule" name="test_generate_mentorship_no_knowledge_fails" time="0.530" /><testcase classname="tests.test_mentorship_api.TestMentorshipModule" name="test_get_mentorship_by_id" time="28.146" /><testcase classname="tests.test_mentorship_api.TestMentorshipModule" name="test_get_mentorship_not_found" time="0.674" /><testcase classname="tests.test_mentorship_api.TestMentorshipModule" name="test_delete_mentorship" time="24.959" /><testcase classname="tests.test_mentorship_api.TestMentorshipModule" name="test_unauthenticated_access_denied" time="0.790" /><testcase classname="tests.test_mentorship_api.TestMentorshipAgentIntegration" name="test_agents_list_contains_moira_and_nova" time="0.412" /></testsuite></testsuites>