<?xml version="1.0" encoding="utf-8"?><testsuites name="pytest tests"><testsuite name="pytest" errors="0" failures="0" skipped="0" tests="34" time="19.034" timestamp="2026-04-16T17:05:19.825542+00:00" hostname="agent-env-dabcc355-3858-42cc-b0cc-73a58ed79999"><testcase classname="backend.tests.test_credentials_api.TestCredentialsAPI" name="test_get_credentials_empty" time="0.535" /><testcase classname="backend.tests.test_credentials_api.TestCredentialsAPI" name="test_create_credential_telegram" time="0.653" /><testcase classname="backend.tests.test_credentials_api.TestCredentialsAPI" name="test_create_credential_github" time="0.575" /><testcase classname="backend.tests.test_credentials_api.TestCredentialsAPI" name="test_create_credential_discord" time="0.587" /><testcase classname="backend.tests.test_credentials_api.TestCredentialsAPI" name="test_get_credentials_shows_masked_values" time="0.951" /><testcase classname="backend.tests.test_credentials_api.TestCredentialsAPI" name="test_update_credential" time="0.713" /><testcase classname="backend.tests.test_credentials_api.TestCredentialsAPI" name="test_delete_credential" time="0.725" /><testcase classname="backend.tests.test_credentials_api.TestCredentialsAPI" name="test_delete_nonexistent_credential" time="0.542" /><testcase classname="backend.tests.test_credentials_api.TestCredentialsAPI" name="test_credentials_without_auth" time="0.691" /><testcase classname="backend.tests.test_credentials_api.TestCredentialsAPI" name="test_short_key_masking" time="0.603" /><testcase classname="backend.tests.test_novaclaw_api.TestHealthAndRoot" name="test_root_endpoint" time="0.135" /><testcase classname="backend.tests.test_novaclaw_api.TestHealthAndRoot" name="test_health_endpoint" time="0.146" /><testcase classname="backend.tests.test_novaclaw_api.TestAuthentication" name="test_login_admin_success" time="0.361" /><testcase classname="backend.tests.test_novaclaw_api.TestAuthentication" name="test_login_invalid_credentials" time="0.470" /><testcase classname="backend.tests.test_novaclaw_api.TestAuthentication" name="test_register_new_user" time="0.399" /><testcase classname="backend.tests.test_novaclaw_api.TestAuthentication" name="test_register_duplicate_email" time="0.125" /><testcase classname="backend.tests.test_novaclaw_api.TestAuthentication" name="test_auth_me_with_token" time="0.469" /><testcase classname="backend.tests.test_novaclaw_api.TestAuthentication" name="test_auth_me_without_token" time="0.125" /><testcase classname="backend.tests.test_novaclaw_api.TestAuthentication" name="test_logout" time="0.111" /><testcase classname="backend.tests.test_novaclaw_api.TestAuthentication" name="test_refresh_token" time="0.481" /><testcase classname="backend.tests.test_novaclaw_api.TestConversations" name="test_create_conversation" time="0.524" /><testcase classname="backend.tests.test_novaclaw_api.TestConversations" name="test_list_conversations" time="0.529" /><testcase classname="backend.tests.test_novaclaw_api.TestConversations" name="test_update_conversation" time="0.765" /><testcase classname="backend.tests.test_novaclaw_api.TestConversations" name="test_delete_conversation" time="0.702" /><testcase classname="backend.tests.test_novaclaw_api.TestConversations" name="test_conversation_without_auth" time="0.484" /><testcase classname="backend.tests.test_novaclaw_api.TestMessages" name="test_list_messages_empty" time="0.624" /><testcase classname="backend.tests.test_novaclaw_api.TestMessages" name="test_send_message_returns_stream" time="1.651" /><testcase classname="backend.tests.test_novaclaw_api.TestMessages" name="test_messages_without_auth" time="0.685" /><testcase classname="backend.tests.test_novaclaw_api.TestSkills" name="test_list_skills" time="0.498" /><testcase classname="backend.tests.test_novaclaw_api.TestSkills" name="test_toggle_skill" time="0.942" /><testcase classname="backend.tests.test_novaclaw_api.TestSkills" name="test_skills_without_auth" time="0.454" /><testcase classname="backend.tests.test_novaclaw_api.TestSettings" name="test_get_settings" time="0.452" /><testcase classname="backend.tests.test_novaclaw_api.TestSettings" name="test_update_settings" time="0.767" /><testcase classname="backend.tests.test_novaclaw_api.TestSettings" name="test_settings_without_auth" time="0.472" /></testsuite></testsuites>